
* 5afcb6e LOS 4 PICHULONES
| * 388e79b Los 4 Vera de XOXO
|/  
* 77c4df0  Estaciones
*   97510d5 Resolviendo el Merge
|\  
| * c4acbfc Usando el Merge
* | dea17c6 Agregando en en index html
|/  
* c899ea0 Agreando Stilo
*   2a14419 Merge branch 'js'
|\  
| * 8280333 Creando index.Js
* | 16c2ae3 Creando Style.css
* | a373125 Primer Archivo index.html
|/  
* 3eedf83  Ignorando archivos .exe
* 42f6c4a Añadiendo mas cotenido al README
* 56fe7f2 Agregando Contenido Inicial al README
* 447737e Primer commit
